# JRE version: OpenJDK Runtime Environment Microsoft-8035246 (17.0.8+7) (build 17.0.8+7-LTS)
# Java VM: OpenJDK 64-Bit Server VM Microsoft-8035246 (17.0.8+7-LTS, mixed mode, sharing, tiered, compressed oops, compressed class ptrs, g1 gc, windows-amd64)
GC Precious Log:
 CPUs: 12 total, 12 available
 Memory: 16088M
 Large Page Support: Disabled
 NUMA Support: Disabled
 Compressed Oops: Enabled (32-bit)
 Heap Region Size: 1M
 Heap Min Capacity: 8M
 Heap Initial Capacity: 252M
 Heap Max Capacity: 2G
 Pre-touch: Disabled
 Parallel Workers: 10
 Concurrent Workers: 3
 Concurrent Refinement Workers: 10
 Periodic GC: Disabled
Heap:
 garbage-first heap   total 184320K, used 158144K [0x0000000080000000, 0x0000000100000000)
  region size 1024K, 2 young (2048K), 1 survivors (1024K)
 Metaspace       used 98223K, committed 99200K, reserved 557056K
  class space    used 13683K, committed 14144K, reserved 425984K
GC Heap History (20 events):
Event: 401.402 GC heap before
{Heap before GC invocations=75 (full 0):
 garbage-first heap   total 184320K, used 161387K [0x0000000080000000, 0x0000000100000000)
  region size 1024K, 12 young (12288K), 2 survivors (2048K)
 Metaspace       used 97084K, committed 98112K, reserved 557056K
  class space    used 13537K, committed 14016K, reserved 425984K
}
Event: 401.406 GC heap after
{Heap after GC invocations=76 (full 0):
 garbage-first heap   total 184320K, used 151857K [0x0000000080000000, 0x0000000100000000)
  region size 1024K, 2 young (2048K), 2 survivors (2048K)
 Metaspace       used 97084K, committed 98112K, reserved 557056K
  class space    used 13537K, committed 14016K, reserved 425984K
}
Event: 402.441 GC heap before
{Heap before GC invocations=76 (full 0):
 garbage-first heap   total 184320K, used 162097K [0x0000000080000000, 0x0000000100000000)
  region size 1024K, 12 young (12288K), 2 survivors (2048K)
 Metaspace       used 97165K, committed 98176K, reserved 557056K
  class space    used 13546K, committed 14016K, reserved 425984K
}
Event: 402.446 GC heap after
{Heap after GC invocations=77 (full 0):
 garbage-first heap   total 184320K, used 152862K [0x0000000080000000, 0x0000000100000000)
  region size 1024K, 2 young (2048K), 2 survivors (2048K)
 Metaspace       used 97165K, committed 98176K, reserved 557056K
  class space    used 13546K, committed 14016K, reserved 425984K
}
Event: 403.012 GC heap before
{Heap before GC invocations=77 (full 0):
 garbage-first heap   total 184320K, used 162078K [0x0000000080000000, 0x0000000100000000)
  region size 1024K, 11 young (11264K), 2 survivors (2048K)
 Metaspace       used 97369K, committed 98368K, reserved 557056K
  class space    used 13572K, committed 14016K, reserved 425984K
}
Event: 403.017 GC heap after
{Heap after GC invocations=78 (full 0):
 garbage-first heap   total 184320K, used 154089K [0x0000000080000000, 0x0000000100000000)
  region size 1024K, 2 young (2048K), 2 survivors (2048K)
 Metaspace       used 97369K, committed 98368K, reserved 557056K
  class space    used 13572K, committed 14016K, reserved 425984K
}
Event: 403.246 GC heap before
{Heap before GC invocations=78 (full 0):
 garbage-first heap   total 184320K, used 161257K [0x0000000080000000, 0x0000000100000000)
  region size 1024K, 9 young (9216K), 2 survivors (2048K)
 Metaspace       used 97437K, committed 98432K, reserved 557056K
  class space    used 13577K, committed 14016K, reserved 425984K
}
Event: 403.250 GC heap after
{Heap after GC invocations=79 (full 0):
 garbage-first heap   total 184320K, used 155094K [0x0000000080000000, 0x0000000100000000)
  region size 1024K, 1 young (1024K), 1 survivors (1024K)
 Metaspace       used 97437K, committed 98432K, reserved 557056K
  class space    used 13577K, committed 14016K, reserved 425984K
}
Event: 403.860 GC heap before
{Heap before GC invocations=79 (full 0):
 garbage-first heap   total 184320K, used 163286K [0x0000000080000000, 0x0000000100000000)
  region size 1024K, 9 young (9216K), 1 survivors (1024K)
 Metaspace       used 97772K, committed 98752K, reserved 557056K
  class space    used 13625K, committed 14080K, reserved 425984K
}
Event: 403.865 GC heap after
{Heap after GC invocations=80 (full 0):
 garbage-first heap   total 184320K, used 156043K [0x0000000080000000, 0x0000000100000000)
  region size 1024K, 2 young (2048K), 2 survivors (2048K)
 Metaspace       used 97772K, committed 98752K, reserved 557056K
  class space    used 13625K, committed 14080K, reserved 425984K
}
Event: 413.337 GC heap before
{Heap before GC invocations=80 (full 0):
 garbage-first heap   total 184320K, used 162187K [0x0000000080000000, 0x0000000100000000)
  region size 1024K, 9 young (9216K), 2 survivors (2048K)
 Metaspace       used 97914K, committed 98880K, reserved 557056K
  class space    used 13660K, committed 14080K, reserved 425984K
}
Event: 413.345 GC heap after
{Heap after GC invocations=81 (full 0):
 garbage-first heap   total 184320K, used 157142K [0x0000000080000000, 0x0000000100000000)
  region size 1024K, 2 young (2048K), 2 survivors (2048K)
 Metaspace       used 97914K, committed 98880K, reserved 557056K
  class space    used 13660K, committed 14080K, reserved 425984K
}
Event: 413.771 GC heap before
{Heap before GC invocations=81 (full 0):
 garbage-first heap   total 184320K, used 163286K [0x0000000080000000, 0x0000000100000000)
  region size 1024K, 9 young (9216K), 2 survivors (2048K)
 Metaspace       used 98012K, committed 99008K, reserved 557056K
  class space    used 13676K, committed 14144K, reserved 425984K
}
Event: 413.776 GC heap after
{Heap after GC invocations=82 (full 0):
 garbage-first heap   total 184320K, used 157934K [0x0000000080000000, 0x0000000100000000)
  region size 1024K, 2 young (2048K), 2 survivors (2048K)
 Metaspace       used 98012K, committed 99008K, reserved 557056K
  class space    used 13676K, committed 14144K, reserved 425984K
}
Event: 413.984 GC heap before
{Heap before GC invocations=82 (full 0):
 garbage-first heap   total 184320K, used 164078K [0x0000000080000000, 0x0000000100000000)
  region size 1024K, 9 young (9216K), 2 survivors (2048K)
 Metaspace       used 98058K, committed 99072K, reserved 557056K
  class space    used 13677K, committed 14144K, reserved 425984K
}
Event: 413.988 GC heap after
{Heap after GC invocations=83 (full 0):
 garbage-first heap   total 184320K, used 158206K [0x0000000080000000, 0x0000000100000000)
  region size 1024K, 1 young (1024K), 1 survivors (1024K)
 Metaspace       used 98058K, committed 99072K, reserved 557056K
  class space    used 13677K, committed 14144K, reserved 425984K
}
Event: 416.288 GC heap before
{Heap before GC invocations=83 (full 0):
 garbage-first heap   total 184320K, used 165374K [0x0000000080000000, 0x0000000100000000)
  region size 1024K, 9 young (9216K), 1 survivors (1024K)
 Metaspace       used 98186K, committed 99200K, reserved 557056K
  class space    used 13683K, committed 14144K, reserved 425984K
}
Event: 416.294 GC heap after
{Heap after GC invocations=84 (full 0):
 garbage-first heap   total 184320K, used 158395K [0x0000000080000000, 0x0000000100000000)
  region size 1024K, 2 young (2048K), 2 survivors (2048K)
 Metaspace       used 98186K, committed 99200K, reserved 557056K
  class space    used 13683K, committed 14144K, reserved 425984K
}
Event: 424.590 GC heap before
{Heap before GC invocations=84 (full 0):
 garbage-first heap   total 184320K, used 164539K [0x0000000080000000, 0x0000000100000000)
  region size 1024K, 9 young (9216K), 2 survivors (2048K)
 Metaspace       used 98223K, committed 99200K, reserved 557056K
  class space    used 13683K, committed 14144K, reserved 425984K
}
Event: 424.634 GC heap after
{Heap after GC invocations=85 (full 0):
 garbage-first heap   total 184320K, used 158144K [0x0000000080000000, 0x0000000100000000)
  region size 1024K, 1 young (1024K), 1 survivors (1024K)
 Metaspace       used 98223K, committed 99200K, reserved 557056K
  class space    used 13683K, committed 14144K, reserved 425984K
}

