# JRE version: OpenJDK Runtime Environment Microsoft-8035246 (17.0.8+7) (build 17.0.8+7-LTS)
# Java VM: OpenJDK 64-Bit Server VM Microsoft-8035246 (17.0.8+7-LTS, mixed mode, sharing, tiered, compressed oops, compressed class ptrs, g1 gc, windows-amd64)
GC Precious Log:
 CPUs: 12 total, 12 available
 Memory: 16088M
 Large Page Support: Disabled
 NUMA Support: Disabled
 Compressed Oops: Enabled (32-bit)
 Heap Region Size: 1M
 Heap Min Capacity: 8M
 Heap Initial Capacity: 252M
 Heap Max Capacity: 2G
 Pre-touch: Disabled
 Parallel Workers: 10
 Concurrent Workers: 3
 Concurrent Refinement Workers: 10
 Periodic GC: Disabled
Heap:
 garbage-first heap   total 221184K, used 177434K [0x0000000080000000, 0x0000000100000000)
  region size 1024K, 11 young (11264K), 3 survivors (3072K)
 Metaspace       used 98742K, committed 99776K, reserved 557056K
  class space    used 13856K, committed 14336K, reserved 425984K
GC Heap History (20 events):
Event: 46.057 GC heap before
{Heap before GC invocations=59 (full 0):
 garbage-first heap   total 184320K, used 157056K [0x0000000080000000, 0x0000000100000000)
  region size 1024K, 18 young (18432K), 2 survivors (2048K)
 Metaspace       used 92113K, committed 93120K, reserved 557056K
  class space    used 12986K, committed 13440K, reserved 425984K
}
Event: 46.061 GC heap after
{Heap after GC invocations=60 (full 0):
 garbage-first heap   total 221184K, used 141556K [0x0000000080000000, 0x0000000100000000)
  region size 1024K, 2 young (2048K), 2 survivors (2048K)
 Metaspace       used 92113K, committed 93120K, reserved 557056K
  class space    used 12986K, committed 13440K, reserved 425984K
}
Event: 47.062 GC heap before
{Heap before GC invocations=60 (full 0):
 garbage-first heap   total 221184K, used 183540K [0x0000000080000000, 0x0000000100000000)
  region size 1024K, 43 young (44032K), 2 survivors (2048K)
 Metaspace       used 95265K, committed 96256K, reserved 557056K
  class space    used 13364K, committed 13824K, reserved 425984K
}
Event: 47.069 GC heap after
{Heap after GC invocations=61 (full 0):
 garbage-first heap   total 221184K, used 144917K [0x0000000080000000, 0x0000000100000000)
  region size 1024K, 5 young (5120K), 5 survivors (5120K)
 Metaspace       used 95265K, committed 96256K, reserved 557056K
  class space    used 13364K, committed 13824K, reserved 425984K
}
Event: 47.900 GC heap before
{Heap before GC invocations=61 (full 0):
 garbage-first heap   total 221184K, used 184853K [0x0000000080000000, 0x0000000100000000)
  region size 1024K, 44 young (45056K), 5 survivors (5120K)
 Metaspace       used 96633K, committed 97536K, reserved 557056K
  class space    used 13528K, committed 13952K, reserved 425984K
}
Event: 47.909 GC heap after
{Heap after GC invocations=62 (full 0):
 garbage-first heap   total 221184K, used 149300K [0x0000000080000000, 0x0000000100000000)
  region size 1024K, 5 young (5120K), 5 survivors (5120K)
 Metaspace       used 96633K, committed 97536K, reserved 557056K
  class space    used 13528K, committed 13952K, reserved 425984K
}
Event: 48.448 GC heap before
{Heap before GC invocations=62 (full 0):
 garbage-first heap   total 221184K, used 186164K [0x0000000080000000, 0x0000000100000000)
  region size 1024K, 41 young (41984K), 5 survivors (5120K)
 Metaspace       used 96920K, committed 97920K, reserved 557056K
  class space    used 13549K, committed 14016K, reserved 425984K
}
Event: 48.456 GC heap after
{Heap after GC invocations=63 (full 0):
 garbage-first heap   total 221184K, used 153180K [0x0000000080000000, 0x0000000100000000)
  region size 1024K, 4 young (4096K), 4 survivors (4096K)
 Metaspace       used 96920K, committed 97920K, reserved 557056K
  class space    used 13549K, committed 14016K, reserved 425984K
}
Event: 49.033 GC heap before
{Heap before GC invocations=63 (full 0):
 garbage-first heap   total 221184K, used 186972K [0x0000000080000000, 0x0000000100000000)
  region size 1024K, 37 young (37888K), 4 survivors (4096K)
 Metaspace       used 98022K, committed 99008K, reserved 557056K
  class space    used 13794K, committed 14272K, reserved 425984K
}
Event: 49.040 GC heap after
{Heap after GC invocations=64 (full 0):
 garbage-first heap   total 221184K, used 156457K [0x0000000080000000, 0x0000000100000000)
  region size 1024K, 4 young (4096K), 4 survivors (4096K)
 Metaspace       used 98022K, committed 99008K, reserved 557056K
  class space    used 13794K, committed 14272K, reserved 425984K
}
Event: 49.446 GC heap before
{Heap before GC invocations=64 (full 0):
 garbage-first heap   total 221184K, used 186153K [0x0000000080000000, 0x0000000100000000)
  region size 1024K, 34 young (34816K), 4 survivors (4096K)
 Metaspace       used 98267K, committed 99264K, reserved 557056K
  class space    used 13802K, committed 14272K, reserved 425984K
}
Event: 49.450 GC heap after
{Heap after GC invocations=65 (full 0):
 garbage-first heap   total 221184K, used 157664K [0x0000000080000000, 0x0000000100000000)
  region size 1024K, 2 young (2048K), 2 survivors (2048K)
 Metaspace       used 98267K, committed 99264K, reserved 557056K
  class space    used 13802K, committed 14272K, reserved 425984K
}
Event: 49.874 GC heap before
{Heap before GC invocations=65 (full 0):
 garbage-first heap   total 221184K, used 188384K [0x0000000080000000, 0x0000000100000000)
  region size 1024K, 32 young (32768K), 2 survivors (2048K)
 Metaspace       used 98626K, committed 99648K, reserved 557056K
  class space    used 13851K, committed 14336K, reserved 425984K
}
Event: 49.881 GC heap after
{Heap after GC invocations=66 (full 0):
 garbage-first heap   total 221184K, used 161641K [0x0000000080000000, 0x0000000100000000)
  region size 1024K, 4 young (4096K), 4 survivors (4096K)
 Metaspace       used 98626K, committed 99648K, reserved 557056K
  class space    used 13851K, committed 14336K, reserved 425984K
}
Event: 50.127 GC heap before
{Heap before GC invocations=66 (full 0):
 garbage-first heap   total 221184K, used 188265K [0x0000000080000000, 0x0000000100000000)
  region size 1024K, 31 young (31744K), 4 survivors (4096K)
 Metaspace       used 98689K, committed 99712K, reserved 557056K
  class space    used 13851K, committed 14336K, reserved 425984K
}
Event: 50.134 GC heap after
{Heap after GC invocations=67 (full 0):
 garbage-first heap   total 221184K, used 163657K [0x0000000080000000, 0x0000000100000000)
  region size 1024K, 2 young (2048K), 2 survivors (2048K)
 Metaspace       used 98689K, committed 99712K, reserved 557056K
  class space    used 13851K, committed 14336K, reserved 425984K
}
Event: 50.563 GC heap before
{Heap before GC invocations=67 (full 0):
 garbage-first heap   total 221184K, used 189257K [0x0000000080000000, 0x0000000100000000)
  region size 1024K, 28 young (28672K), 2 survivors (2048K)
 Metaspace       used 98698K, committed 99712K, reserved 557056K
  class space    used 13852K, committed 14336K, reserved 425984K
}
Event: 50.566 GC heap after
{Heap after GC invocations=68 (full 0):
 garbage-first heap   total 221184K, used 164935K [0x0000000080000000, 0x0000000100000000)
  region size 1024K, 4 young (4096K), 4 survivors (4096K)
 Metaspace       used 98698K, committed 99712K, reserved 557056K
  class space    used 13852K, committed 14336K, reserved 425984K
}
Event: 51.150 GC heap before
{Heap before GC invocations=68 (full 0):
 garbage-first heap   total 221184K, used 190535K [0x0000000080000000, 0x0000000100000000)
  region size 1024K, 29 young (29696K), 4 survivors (4096K)
 Metaspace       used 98699K, committed 99712K, reserved 557056K
  class space    used 13852K, committed 14336K, reserved 425984K
}
Event: 51.154 GC heap after
{Heap after GC invocations=69 (full 0):
 garbage-first heap   total 221184K, used 166170K [0x0000000080000000, 0x0000000100000000)
  region size 1024K, 3 young (3072K), 3 survivors (3072K)
 Metaspace       used 98699K, committed 99712K, reserved 557056K
  class space    used 13852K, committed 14336K, reserved 425984K
}

