# JRE version: OpenJDK Runtime Environment Microsoft-8035246 (17.0.8+7) (build 17.0.8+7-LTS)
# Java VM: OpenJDK 64-Bit Server VM Microsoft-8035246 (17.0.8+7-LTS, mixed mode, sharing, tiered, compressed oops, compressed class ptrs, g1 gc, windows-amd64)
GC Precious Log:
 CPUs: 12 total, 12 available
 Memory: 16088M
 Large Page Support: Disabled
 NUMA Support: Disabled
 Compressed Oops: Enabled (32-bit)
 Heap Region Size: 1M
 Heap Min Capacity: 8M
 Heap Initial Capacity: 252M
 Heap Max Capacity: 2G
 Pre-touch: Disabled
 Parallel Workers: 10
 Concurrent Workers: 3
 Concurrent Refinement Workers: 10
 Periodic GC: Disabled
Heap:
 garbage-first heap   total 96256K, used 61782K [0x0000000080000000, 0x0000000100000000)
  region size 1024K, 4 young (4096K), 3 survivors (3072K)
 Metaspace       used 62738K, committed 63424K, reserved 491520K
  class space    used 8819K, committed 9152K, reserved 425984K
GC Heap History (20 events):
Event: 205.688 GC heap before
{Heap before GC invocations=17 (full 0):
 garbage-first heap   total 89088K, used 49016K [0x0000000080000000, 0x0000000100000000)
  region size 1024K, 3 young (3072K), 2 survivors (2048K)
 Metaspace       used 52117K, committed 52736K, reserved 491520K
  class space    used 7362K, committed 7680K, reserved 425984K
}
Event: 205.694 GC heap after
{Heap after GC invocations=18 (full 0):
 garbage-first heap   total 89088K, used 48978K [0x0000000080000000, 0x0000000100000000)
  region size 1024K, 2 young (2048K), 2 survivors (2048K)
 Metaspace       used 52117K, committed 52736K, reserved 491520K
  class space    used 7362K, committed 7680K, reserved 425984K
}
Event: 206.748 GC heap before
{Heap before GC invocations=19 (full 0):
 garbage-first heap   total 94208K, used 73554K [0x0000000080000000, 0x0000000100000000)
  region size 1024K, 23 young (23552K), 2 survivors (2048K)
 Metaspace       used 53591K, committed 54208K, reserved 491520K
  class space    used 7538K, committed 7872K, reserved 425984K
}
Event: 206.753 GC heap after
{Heap after GC invocations=20 (full 0):
 garbage-first heap   total 94208K, used 53908K [0x0000000080000000, 0x0000000100000000)
  region size 1024K, 3 young (3072K), 3 survivors (3072K)
 Metaspace       used 53591K, committed 54208K, reserved 491520K
  class space    used 7538K, committed 7872K, reserved 425984K
}
Event: 206.886 GC heap before
{Heap before GC invocations=20 (full 0):
 garbage-first heap   total 94208K, used 54932K [0x0000000080000000, 0x0000000100000000)
  region size 1024K, 4 young (4096K), 3 survivors (3072K)
 Metaspace       used 53722K, committed 54336K, reserved 491520K
  class space    used 7565K, committed 7872K, reserved 425984K
}
Event: 206.890 GC heap after
{Heap after GC invocations=21 (full 0):
 garbage-first heap   total 94208K, used 53949K [0x0000000080000000, 0x0000000100000000)
  region size 1024K, 1 young (1024K), 1 survivors (1024K)
 Metaspace       used 53722K, committed 54336K, reserved 491520K
  class space    used 7565K, committed 7872K, reserved 425984K
}
Event: 208.405 GC heap before
{Heap before GC invocations=21 (full 0):
 garbage-first heap   total 94208K, used 76477K [0x0000000080000000, 0x0000000100000000)
  region size 1024K, 23 young (23552K), 1 survivors (1024K)
 Metaspace       used 55596K, committed 56320K, reserved 491520K
  class space    used 7835K, committed 8192K, reserved 425984K
}
Event: 208.409 GC heap after
{Heap after GC invocations=22 (full 0):
 garbage-first heap   total 94208K, used 54752K [0x0000000080000000, 0x0000000100000000)
  region size 1024K, 1 young (1024K), 1 survivors (1024K)
 Metaspace       used 55596K, committed 56320K, reserved 491520K
  class space    used 7835K, committed 8192K, reserved 425984K
}
Event: 210.061 GC heap before
{Heap before GC invocations=23 (full 0):
 garbage-first heap   total 96256K, used 76256K [0x0000000080000000, 0x0000000100000000)
  region size 1024K, 23 young (23552K), 1 survivors (1024K)
 Metaspace       used 58348K, committed 59008K, reserved 491520K
  class space    used 8191K, committed 8512K, reserved 425984K
}
Event: 210.064 GC heap after
{Heap after GC invocations=24 (full 0):
 garbage-first heap   total 96256K, used 55421K [0x0000000080000000, 0x0000000100000000)
  region size 1024K, 2 young (2048K), 2 survivors (2048K)
 Metaspace       used 58348K, committed 59008K, reserved 491520K
  class space    used 8191K, committed 8512K, reserved 425984K
}
Event: 213.654 GC heap before
{Heap before GC invocations=24 (full 0):
 garbage-first heap   total 96256K, used 77949K [0x0000000080000000, 0x0000000100000000)
  region size 1024K, 25 young (25600K), 2 survivors (2048K)
 Metaspace       used 59520K, committed 60160K, reserved 491520K
  class space    used 8359K, committed 8704K, reserved 425984K
}
Event: 213.660 GC heap after
{Heap after GC invocations=25 (full 0):
 garbage-first heap   total 96256K, used 56837K [0x0000000080000000, 0x0000000100000000)
  region size 1024K, 4 young (4096K), 4 survivors (4096K)
 Metaspace       used 59520K, committed 60160K, reserved 491520K
  class space    used 8359K, committed 8704K, reserved 425984K
}
Event: 221.731 GC heap before
{Heap before GC invocations=25 (full 0):
 garbage-first heap   total 96256K, used 79365K [0x0000000080000000, 0x0000000100000000)
  region size 1024K, 26 young (26624K), 4 survivors (4096K)
 Metaspace       used 60703K, committed 61312K, reserved 491520K
  class space    used 8535K, committed 8832K, reserved 425984K
}
Event: 221.739 GC heap after
{Heap after GC invocations=26 (full 0):
 garbage-first heap   total 96256K, used 58476K [0x0000000080000000, 0x0000000100000000)
  region size 1024K, 4 young (4096K), 4 survivors (4096K)
 Metaspace       used 60703K, committed 61312K, reserved 491520K
  class space    used 8535K, committed 8832K, reserved 425984K
}
Event: 223.154 GC heap before
{Heap before GC invocations=26 (full 0):
 garbage-first heap   total 96256K, used 79980K [0x0000000080000000, 0x0000000100000000)
  region size 1024K, 25 young (25600K), 4 survivors (4096K)
 Metaspace       used 62312K, committed 63040K, reserved 491520K
  class space    used 8799K, committed 9152K, reserved 425984K
}
Event: 223.160 GC heap after
{Heap after GC invocations=27 (full 0):
 garbage-first heap   total 96256K, used 59511K [0x0000000080000000, 0x0000000100000000)
  region size 1024K, 3 young (3072K), 3 survivors (3072K)
 Metaspace       used 62312K, committed 63040K, reserved 491520K
  class space    used 8799K, committed 9152K, reserved 425984K
}
Event: 272.842 GC heap before
{Heap before GC invocations=27 (full 0):
 garbage-first heap   total 96256K, used 81015K [0x0000000080000000, 0x0000000100000000)
  region size 1024K, 24 young (24576K), 3 survivors (3072K)
 Metaspace       used 62601K, committed 63296K, reserved 491520K
  class space    used 8818K, committed 9152K, reserved 425984K
}
Event: 272.905 GC heap after
{Heap after GC invocations=28 (full 0):
 garbage-first heap   total 96256K, used 60849K [0x0000000080000000, 0x0000000100000000)
  region size 1024K, 3 young (3072K), 3 survivors (3072K)
 Metaspace       used 62601K, committed 63296K, reserved 491520K
  class space    used 8818K, committed 9152K, reserved 425984K
}
Event: 292.697 GC heap before
{Heap before GC invocations=28 (full 0):
 garbage-first heap   total 96256K, used 80305K [0x0000000080000000, 0x0000000100000000)
  region size 1024K, 22 young (22528K), 3 survivors (3072K)
 Metaspace       used 62730K, committed 63424K, reserved 491520K
  class space    used 8819K, committed 9152K, reserved 425984K
}
Event: 292.728 GC heap after
{Heap after GC invocations=29 (full 0):
 garbage-first heap   total 96256K, used 61782K [0x0000000080000000, 0x0000000100000000)
  region size 1024K, 3 young (3072K), 3 survivors (3072K)
 Metaspace       used 62730K, committed 63424K, reserved 491520K
  class space    used 8819K, committed 9152K, reserved 425984K
}

